<?xml version="1.0" encoding="UTF-8"?>
<testsuite xmlns:xsi="http://www.w3.org/2001/XMLSchema-instance" xsi:noNamespaceSchemaLocation="https://maven.apache.org/surefire/maven-surefire-plugin/xsd/surefire-test-report-3.0.xsd" version="3.0" name="uni.local.services.DeckServiceTest" time="0.008" tests="5" errors="0" skipped="0" failures="0">
  <properties>
[...]
</properties>
  <testcase name="testGetDeck_Success" classname="uni.local.services.DeckServiceTest" time="0.002"/>
  <testcase name="testSetRandomDeck_Success" classname="uni.local.services.DeckServiceTest" time="0.002"/>
  <testcase name="testSetDeck_Success" classname="uni.local.services.DeckServiceTest" time="0.001"/>
  <testcase name="testSetDeck_InvalidCardCount" classname="uni.local.services.DeckServiceTest" time="0.001"/>
  <testcase name="testSetRandomDeck_NotEnoughCards" classname="uni.local.services.DeckServiceTest" time="0.001"/>
</testsuite>